"null error"
"989 Current coordinate: track# 2 lattitude=48.916702 longtitude=12.683304 Germany Bogen success"
"989 Current coordinate: IP not found success"
"989 Current coordinate: track# 4 lattitude=31.527298 longtitude=-110.3607 United States Fort Huachuca success"
"989 Current coordinate: track# 5 lattitude=34.6409 longtitude=-110.1126 United States Snowflake success"
"989 Current coordinate: track# 7 lattitude=40.6761 longtitude=-74.573 United States Basking Ridge success"
"989 Current coordinate: IP not found success"
"989 Current coordinate: track# 8 lattitude=-12.050003 longtitude=-77.05 Peru Lima success"
"988 Current coordinate: IP not found success"
"989 Current coordinate: track# 10 lattitude=50.4552 longtitude=-104.6376 Canada Regina success"
"989 Current coordinate: track# 12 lattitude=42.364594 longtitude=-71.1028 United States Cambridge success"
"990 Current coordinate: track# 13 lattitude=37.376205 longtitude=-122.1826 United States Palo Alto success"
"989 Current coordinate: IP not found success"
"989 Current coordinate: IP not found success"
"990 Current coordinate: track# 15 lattitude=39.089203 longtitude=-77.1835 United States Rockville success"
"990 Current coordinate: track# 16 lattitude=42.322296 longtitude=-83.1763 United States Dearborn success"
"989 Current coordinate: IP not found success"
"988 Current coordinate: IP not found success"
"989 Current coordinate: IP not found success"
"988 Current coordinate: track# 18 lattitude=40.764893 longtitude=-111.8434 United States Salt Lake City success"
"990 Current coordinate: track# 20 lattitude=23.1167 longtitude=113.25 China Guangzhou success"
"989 Current coordinate: IP not found success"
"989 Current coordinate: track# 23 lattitude=46.5394 longtitude=15.515793 Slovenia Ruse success"
"990 Current coordinate: IP not found success"
"989 Current coordinate: track# 25 lattitude=40.822098 longtitude=-74.4564 United States Cedar Knolls success"
"989 Current coordinate: IP not found success"
"989 Current coordinate: track# 28 lattitude=40.868393 longtitude=-82.3149 United States Ashland success"
"988 Current coordinate: IP not found success"
"989 Current coordinate: IP not found success"
"989 Current coordinate: IP not found success"
"990 Current coordinate: IP not found success"
"989 Current coordinate: track# 32 lattitude=35.684998 longtitude=139.7514 Japan Tokyo success"
"990 Current coordinate: IP not found success"
"989 Current coordinate: track# 34 lattitude=40.6761 longtitude=-74.573 United States Basking Ridge success"
"null error"
"461 Current coordinate: track# 1 lattitude=-25.800797 longtitude=28.295593 South Africa Pretoria success"
"987 Current coordinate: track# 3 lattitude=41.17 longtitude=-81.1966 United States Kent success"
"989 Current coordinate: IP not found success"
"989 Current coordinate: IP not found success"
"986 Current coordinate: IP not found success"
"989 Current coordinate: IP not found success"
"988 Current coordinate: track# 8 lattitude=52.567307 longtitude=4.6925964 Netherlands Limmen success"
"989 Current coordinate: IP not found success"
"989 Current coordinate: track# 10 lattitude=38.884003 longtitude=-77.0221 United States Washington success"
"989 Current coordinate: track# 12 lattitude=39.961197 longtitude=-82.9988 United States Columbus success"
"988 Current coordinate: track# 13 lattitude=36.668304 longtitude=116.99719 China Jinan success"
"989 Current coordinate: IP not found success"
"989 Current coordinate: IP not found success"
"989 Current coordinate: track# 15 lattitude=35.084503 longtitude=-106.6511 United States Albuquerque success"
"988 Current coordinate: IP not found success"
"null error"
"989 Current coordinate: track# 1 lattitude=39.5645 longtitude=-75.597 United States Wilmington success"
"988 Current coordinate: IP not found success"
"989 Current coordinate: track# 3 lattitude=37.598495 longtitude=126.9783 Korea, Republic of Seoul success"
"989 Current coordinate: track# 5 lattitude=39.162003 longtitude=-84.4569 United States Cincinnati success"
"989 Current coordinate: track# 6 lattitude=46.5394 longtitude=15.515793 Slovenia Ruse success"
"989 Current coordinate: IP not found success"
"988 Current coordinate: IP not found success"
"989 Current coordinate: track# 7 lattitude=46.5394 longtitude=15.515793 Slovenia Ruse success"
"989 Current coordinate: track# 8 lattitude=30.293594 longtitude=120.16141 China Hangzhou success"
"989 Current coordinate: track# 9 lattitude=39.961197 longtitude=-82.9988 United States Columbus success"
"989 Current coordinate: IP not found success"
"989 Current coordinate: IP not found success"
"989 Current coordinate: track# 10 lattitude=37.598495 longtitude=126.9783 Korea, Republic of Seoul success"
"null error"
"428 Current coordinate: track# 1 lattitude=52.093796 longtitude=5.119095 Netherlands Utrecht success"
"989 Current coordinate: IP not found success"
"989 Current coordinate: IP not found success"
"989 Current coordinate: track# 2 lattitude=38.864 longtitude=-77.1922 United States Falls Church success"
"990 Current coordinate: track# 3 lattitude=41.641205 longtitude=-111.8966 United States Logan success"
"989 Current coordinate: IP not found success"
"989 Current coordinate: IP not found success"
"989 Current coordinate: IP not found success"
"987 Current coordinate: track# 5 lattitude=31.527298 longtitude=-110.3607 United States Fort Huachuca success"
"989 Current coordinate: IP not found success"
"989 Current coordinate: track# 8 lattitude=29.699707 longtitude=-95.5858 United States Houston success"
"990 Current coordinate: IP not found success"
"988 Current coordinate: track# 10 lattitude=30.050003 longtitude=31.25 Egypt Misr success"
"989 Current coordinate: track# 11 lattitude=39.928894 longtitude=116.388306 China Beijing success"
"null error"
"1000 Current coordinate: track# 2 lattitude=40.0412 longtitude=-86.8744 United States Crawfordsville success"
"989 Current coordinate: IP not found success"
"989 Current coordinate: IP not found success"
"989 Current coordinate: IP not found success"
"989 Current coordinate: IP not found success"
"989 Current coordinate: IP not found success"
"989 Current coordinate: track# 6 lattitude=34.6409 longtitude=-110.1126 United States Snowflake success"
"989 Current coordinate: IP not found success"
"989 Current coordinate: IP not found success"
"null error"
"424 Current coordinate: IP not found error"
"989 Current coordinate: track# 1 lattitude=39.961197 longtitude=-82.9988 United States Columbus success"
"990 Current coordinate: IP not found success"
"989 Current coordinate: track# 2 lattitude=41.127106 longtitude=-73.4416 United States Norwalk success"
"985 Current coordinate: track# 4 lattitude=37.183395 longtitude=-113.5999 United States Saint George success"
"988 Current coordinate: IP not found success"
"989 Current coordinate: IP not found success"
"989 Current coordinate: IP not found success"
"990 Current coordinate: track# 6 lattitude=52.567307 longtitude=4.6925964 Netherlands Limmen success"
"989 Current coordinate: IP not found success"
"987 Current coordinate: IP not found success"
"990 Current coordinate: IP not found success"
"989 Current coordinate: track# 9 lattitude=37.3042 longtitude=-122.094604 United States Cupertino success"
"989 Current coordinate: track# 10 lattitude=29.699707 longtitude=-95.5858 United States Houston success"
"989 Current coordinate: track# 11 lattitude=39.961197 longtitude=-82.9988 United States Columbus success"
"989 Current coordinate: track# 12 lattitude=31.753006 longtitude=-94.194 United States Center success"
"987 Current coordinate: IP not found success"
"989 Current coordinate: track# 14 lattitude=39.961197 longtitude=-82.9988 United States Columbus success"
"989 Current coordinate: IP not found success"
"988 Current coordinate: track# 15 lattitude=32.061707 longtitude=118.7778 China Nanjing success"
"988 Current coordinate: track# 16 lattitude=39.961197 longtitude=-82.9988 United States Columbus success"
"null error"
"1000 Current coordinate: IP not found success"
"null error"
"989 Current coordinate: IP not found success"
"97 Current coordinate: track# 1 lattitude=39.961197 longtitude=-82.9988 United States Columbus success"
"989 Current coordinate: IP not found success"
"989 Current coordinate: track# 2 lattitude=35.7977 longtitude=-78.6253 United States Raleigh success"
"989 Current coordinate: IP not found success"
"989 Current coordinate: IP not found success"
"989 Current coordinate: track# 4 lattitude=-30.954605 longtitude=-58.783302 Argentina Federal success"
"988 Current coordinate: IP not found success"
"989 Current coordinate: IP not found success"
"989 Current coordinate: track# 5 lattitude=34.6409 longtitude=-110.1126 United States Snowflake success"
"989 Current coordinate: track# 6 lattitude=37.376205 longtitude=-122.1826 United States Palo Alto success"
"990 Current coordinate: track# 5 lattitude=32.807205 longtitude=-117.1649 United States San Diego success"
"989 Current coordinate: IP not found success"
"989 Current coordinate: IP not found success"
"null error"
"1001 Current coordinate: IP not found success"
"990 Current coordinate: track# 2 lattitude=37.376205 longtitude=-122.1826 United States Palo Alto success"
"988 Current coordinate: IP not found success"
"989 Current coordinate: IP not found success"
"990 Current coordinate: track# 5 lattitude=-33.925797 longtitude=18.423203 South Africa Cape Town success"
"988 Current coordinate: IP not found success"
"989 Current coordinate: IP not found success"
"990 Current coordinate: track# 7 lattitude=30.666702 longtitude=104.06671 China Chengdu success"
"990 Current coordinate: track# 8 lattitude=50.623093 longtitude=26.227402 Ukraine Rivne success"
"989 Current coordinate: IP not found success"
"989 Current coordinate: track# 10 lattitude=34.730392 longtitude=-86.5861 United States Huntsville success"
"989 Current coordinate: track# 12 lattitude=23.1167 longtitude=113.25 China Guangzhou success"
"989 Current coordinate: IP not found success"
"988 Current coordinate: IP not found success"
"989 Current coordinate: track# 13 lattitude=37.376205 longtitude=-122.1826 United States Palo Alto success"
"989 Current coordinate: track# 15 lattitude=32.273804 longtitude=-106.7472 United States Las Cruces success"
"990 Current coordinate: track# 16 lattitude=19.434204 longtitude=-99.1386 Mexico Mexico success"
"989 Current coordinate: IP not found success"
"null error"
"989 Current coordinate: IP not found success"
"989 Current coordinate: IP not found success"
"989 Current coordinate: track# 2 lattitude=37.183395 longtitude=-113.5999 United States Saint George success"
"988 Current coordinate: IP not found success"
"989 Current coordinate: track# 4 lattitude=-0.21670532 longtitude=-78.5 Ecuador Quito success"
"989 Current coordinate: IP not found success"
"990 Current coordinate: track# 6 lattitude=42.322296 longtitude=-83.1763 United States Dearborn success"
"989 Current coordinate: track# 7 lattitude=19.434204 longtitude=-99.1386 Mexico Mexico success"
"989 Current coordinate: track# 9 lattitude=44.433304 longtitude=26.100006 Romania Bucharest success"
"989 Current coordinate: IP not found success"
"null error"
"716 Current coordinate: track# 1 lattitude=-25.800797 longtitude=28.295593 South Africa Pretoria success"
"990 Current coordinate: track# 3 lattitude=23.1167 longtitude=113.25 China Guangzhou success"
"990 Current coordinate: IP not found success"
"989 Current coordinate: track# 6 lattitude=39.5645 longtitude=-75.597 United States Wilmington success"
"988 Current coordinate: track# 7 lattitude=42.273407 longtitude=-83.7133 United States Ann Arbor success"
"989 Current coordinate: IP not found success"
"988 Current coordinate: IP not found success"
"987 Current coordinate: IP not found success"
"989 Current coordinate: track# 9 lattitude=48.8667 longtitude=2.3332977 France Paris success"
"989 Current coordinate: track# 10 lattitude=42.322296 longtitude=-83.1763 United States Dearborn success"
"990 Current coordinate: IP not found success"
"989 Current coordinate: track# 13 lattitude=48.916702 longtitude=12.683304 Germany Bogen success"
"988 Current coordinate: IP not found success"
"989 Current coordinate: track# 15 lattitude=45.315506 longtitude=-75.837 Canada Ottawa success"
"989 Current coordinate: track# 17 lattitude=34.730392 longtitude=-86.5861 United States Huntsville success"
"989 Current coordinate: IP not found success"
"989 Current coordinate: IP not found success"
"990 Current coordinate: IP not found success"
"988 Current coordinate: IP not found success"
"989 Current coordinate: track# 21 lattitude=-30.954605 longtitude=-58.783302 Argentina Federal success"
"988 Current coordinate: track# 23 lattitude=29.752304 longtitude=-95.367 United States Houston success"
"989 Current coordinate: track# 24 lattitude=32.404007 longtitude=-86.2539 United States Montgomery success"
"989 Current coordinate: track# 26 lattitude=35.994003 longtitude=-78.8986 United States Durham success"
"990 Current coordinate: track# 27 lattitude=50.623093 longtitude=26.227402 Ukraine Rivne success"
"989 Current coordinate: track# 28 lattitude=41.839005 longtitude=-71.4373 United States Providence success"
"989 Current coordinate: IP not found success"
"989 Current coordinate: IP not found success"
"988 Current coordinate: IP not found success"
"989 Current coordinate: IP not found success"
"989 Current coordinate: IP not found success"
"989 Current coordinate: track# 32 lattitude=35.684998 longtitude=139.7514 Japan Tokyo success"
"989 Current coordinate: IP not found success"
"989 Current coordinate: track# 34 lattitude=28.1792 longtitude=113.11359 China Changsha success"
"989 Current coordinate: track# 35 lattitude=29.699707 longtitude=-95.5858 United States Houston success"
"989 Current coordinate: track# 36 lattitude=13.753998 longtitude=100.5014 Thailand Bangkok success"
